<?xml version="1.0" encoding="UTF-8"?>
<testng-results skipped="0" failed="1" ignored="0" total="5" passed="4">
  <reporter-output>
  </reporter-output>
  <suite name="Default suite" duration-ms="173024" started-at="2019-10-12T15:08:13 IST" finished-at="2019-10-12T15:11:06 IST">
    <groups>
    </groups>
    <test name="Default test" duration-ms="173024" started-at="2019-10-12T15:08:13 IST" finished-at="2019-10-12T15:11:06 IST">
      <class name="com.virtusa.loginselenium.TrainingManagement">
        <test-method status="PASS" signature="setEnvironment()[pri:0, instance:com.virtusa.loginselenium.TrainingManagement@4bbfb90a]" name="setEnvironment" is-config="true" duration-ms="14046" started-at="2019-10-12T15:08:13 IST" finished-at="2019-10-12T15:08:27 IST">
          <reporter-output>
          </reporter-output>
        </test-method> <!-- setEnvironment -->
        <test-method status="PASS" signature="addTopic(java.lang.String, java.lang.String)[pri:0, instance:com.virtusa.loginselenium.TrainingManagement@4bbfb90a]" name="addTopic" duration-ms="109239" started-at="2019-10-12T15:08:44 IST" data-provider="credentails" finished-at="2019-10-12T15:10:33 IST">
          <params>
            <param index="0">
              <value>
                <![CDATA[spring]]>
              </value>
            </param>
            <param index="1">
              <value>
                <![CDATA[102.0]]>
              </value>
            </param>
          </params>
          <reporter-output>
          </reporter-output>
        </test-method> <!-- addTopic -->
        <test-method status="PASS" signature="addTopic(java.lang.String, java.lang.String)[pri:0, instance:com.virtusa.loginselenium.TrainingManagement@4bbfb90a]" name="addTopic" duration-ms="3348" started-at="2019-10-12T15:10:33 IST" data-provider="credentails" finished-at="2019-10-12T15:10:37 IST">
          <params>
            <param index="0">
              <value>
                <![CDATA[c++]]>
              </value>
            </param>
            <param index="1">
              <value>
                <![CDATA[102.0]]>
              </value>
            </param>
          </params>
          <reporter-output>
          </reporter-output>
        </test-method> <!-- addTopic -->
        <test-method status="PASS" signature="addTopic(java.lang.String, java.lang.String)[pri:0, instance:com.virtusa.loginselenium.TrainingManagement@4bbfb90a]" name="addTopic" duration-ms="3678" started-at="2019-10-12T15:10:37 IST" data-provider="credentails" finished-at="2019-10-12T15:10:40 IST">
          <params>
            <param index="0">
              <value>
                <![CDATA[python]]>
              </value>
            </param>
            <param index="1">
              <value>
                <![CDATA[102.0]]>
              </value>
            </param>
          </params>
          <reporter-output>
          </reporter-output>
        </test-method> <!-- addTopic -->
        <test-method status="PASS" signature="addTopic(java.lang.String, java.lang.String)[pri:0, instance:com.virtusa.loginselenium.TrainingManagement@4bbfb90a]" name="addTopic" duration-ms="933" started-at="2019-10-12T15:10:40 IST" data-provider="credentails" finished-at="2019-10-12T15:10:41 IST">
          <params>
            <param index="0">
              <value>
                <![CDATA[.net]]>
              </value>
            </param>
            <param index="1">
              <value>
                <![CDATA[102.0]]>
              </value>
            </param>
          </params>
          <reporter-output>
          </reporter-output>
        </test-method> <!-- addTopic -->
        <test-method status="FAIL" signature="loginTest()[pri:0, instance:com.virtusa.loginselenium.TrainingManagement@4bbfb90a]" name="loginTest" duration-ms="24076" started-at="2019-10-12T15:10:42 IST" finished-at="2019-10-12T15:11:06 IST">
          <exception class="org.openqa.selenium.ElementNotInteractableException">
            <message>
              <![CDATA[element not interactable
  (Session info: chrome=77.0.3865.90)
Build info: version: '3.141.59', revision: 'e82be7d358', time: '2018-11-14T08:17:03'
System info: host: 'DESKTOP-1V5NLR3', ip: '192.168.100.18', os.name: 'Windows 10', os.arch: 'amd64', os.version: '10.0', java.version: '1.8.0_211'
Driver info: org.openqa.selenium.chrome.ChromeDriver
Capabilities {acceptInsecureCerts: false, browserName: chrome, browserVersion: 77.0.3865.90, chrome: {chromedriverVersion: 77.0.3865.40 (f484704e052e0..., userDataDir: C:\Users\Admin\AppData\Loca...}, goog:chromeOptions: {debuggerAddress: localhost:57376}, javascriptEnabled: true, networkConnectionEnabled: false, pageLoadStrategy: normal, platform: XP, platformName: XP, proxy: Proxy(), setWindowRect: true, strictFileInteractability: false, timeouts: {implicit: 0, pageLoad: 300000, script: 30000}, unhandledPromptBehavior: dismiss and notify}
Session ID: 7911322c5ac3e21d6eac6aea8f70875e]]>
            </message>
            <full-stacktrace>
              <![CDATA[org.openqa.selenium.ElementNotInteractableException: element not interactable
  (Session info: chrome=77.0.3865.90)
Build info: version: '3.141.59', revision: 'e82be7d358', time: '2018-11-14T08:17:03'
System info: host: 'DESKTOP-1V5NLR3', ip: '192.168.100.18', os.name: 'Windows 10', os.arch: 'amd64', os.version: '10.0', java.version: '1.8.0_211'
Driver info: org.openqa.selenium.chrome.ChromeDriver
Capabilities {acceptInsecureCerts: false, browserName: chrome, browserVersion: 77.0.3865.90, chrome: {chromedriverVersion: 77.0.3865.40 (f484704e052e0..., userDataDir: C:\Users\Admin\AppData\Loca...}, goog:chromeOptions: {debuggerAddress: localhost:57376}, javascriptEnabled: true, networkConnectionEnabled: false, pageLoadStrategy: normal, platform: XP, platformName: XP, proxy: Proxy(), setWindowRect: true, strictFileInteractability: false, timeouts: {implicit: 0, pageLoad: 300000, script: 30000}, unhandledPromptBehavior: dismiss and notify}
Session ID: 7911322c5ac3e21d6eac6aea8f70875e
at sun.reflect.NativeConstructorAccessorImpl.newInstance0(Native Method)
at sun.reflect.NativeConstructorAccessorImpl.newInstance(NativeConstructorAccessorImpl.java:62)
at sun.reflect.DelegatingConstructorAccessorImpl.newInstance(DelegatingConstructorAccessorImpl.java:45)
at java.lang.reflect.Constructor.newInstance(Constructor.java:423)
at org.openqa.selenium.remote.http.W3CHttpResponseCodec.createException(W3CHttpResponseCodec.java:187)
at org.openqa.selenium.remote.http.W3CHttpResponseCodec.decode(W3CHttpResponseCodec.java:122)
at org.openqa.selenium.remote.http.W3CHttpResponseCodec.decode(W3CHttpResponseCodec.java:49)
at org.openqa.selenium.remote.HttpCommandExecutor.execute(HttpCommandExecutor.java:158)
at org.openqa.selenium.remote.service.DriverCommandExecutor.execute(DriverCommandExecutor.java:83)
at org.openqa.selenium.remote.RemoteWebDriver.execute(RemoteWebDriver.java:552)
at org.openqa.selenium.remote.RemoteWebElement.execute(RemoteWebElement.java:285)
at org.openqa.selenium.remote.RemoteWebElement.sendKeys(RemoteWebElement.java:106)
at com.virtusa.loginselenium.TrainingManagement.loginTest(TrainingManagement.java:57)
at sun.reflect.NativeMethodAccessorImpl.invoke0(Native Method)
at sun.reflect.NativeMethodAccessorImpl.invoke(NativeMethodAccessorImpl.java:62)
at sun.reflect.DelegatingMethodAccessorImpl.invoke(DelegatingMethodAccessorImpl.java:43)
at java.lang.reflect.Method.invoke(Method.java:498)
at org.testng.internal.MethodInvocationHelper.invokeMethod(MethodInvocationHelper.java:133)
at org.testng.internal.TestInvoker.invokeMethod(TestInvoker.java:584)
at org.testng.internal.TestInvoker.invokeTestMethod(TestInvoker.java:172)
at org.testng.internal.MethodRunner.runInSequence(MethodRunner.java:46)
at org.testng.internal.TestInvoker$MethodInvocationAgent.invoke(TestInvoker.java:804)
at org.testng.internal.TestInvoker.invokeTestMethods(TestInvoker.java:145)
at org.testng.internal.TestMethodWorker.invokeTestMethods(TestMethodWorker.java:146)
at org.testng.internal.TestMethodWorker.run(TestMethodWorker.java:128)
at java.util.ArrayList.forEach(ArrayList.java:1257)
at org.testng.TestRunner.privateRun(TestRunner.java:770)
at org.testng.TestRunner.run(TestRunner.java:591)
at org.testng.SuiteRunner.runTest(SuiteRunner.java:402)
at org.testng.SuiteRunner.runSequentially(SuiteRunner.java:396)
at org.testng.SuiteRunner.privateRun(SuiteRunner.java:355)
at org.testng.SuiteRunner.run(SuiteRunner.java:304)
at org.testng.SuiteRunnerWorker.runSuite(SuiteRunnerWorker.java:53)
at org.testng.SuiteRunnerWorker.run(SuiteRunnerWorker.java:96)
at org.testng.TestNG.runSuitesSequentially(TestNG.java:1180)
at org.testng.TestNG.runSuitesLocally(TestNG.java:1102)
at org.testng.TestNG.runSuites(TestNG.java:1032)
at org.testng.TestNG.run(TestNG.java:1000)
at org.testng.remote.AbstractRemoteTestNG.run(AbstractRemoteTestNG.java:115)
at org.testng.remote.RemoteTestNG.initAndRun(RemoteTestNG.java:251)
at org.testng.remote.RemoteTestNG.main(RemoteTestNG.java:77)
]]>
            </full-stacktrace>
          </exception> <!-- org.openqa.selenium.ElementNotInteractableException -->
          <reporter-output>
          </reporter-output>
        </test-method> <!-- loginTest -->
      </class> <!-- com.virtusa.loginselenium.TrainingManagement -->
    </test> <!-- Default test -->
  </suite> <!-- Default suite -->
</testng-results>
